# JRE version: Java(TM) SE Runtime Environment (8.0_111-b14) (build 1.8.0_111-b14)
# Java VM: Java HotSpot(TM) 64-Bit Server VM (25.111-b14 mixed mode windows-amd64 compressed oops)
Heap:
 PSYoungGen      total 61952K, used 31560K [0x00000000d5f80000, 0x00000000dba00000, 0x0000000100000000)
  eden space 32256K, 79% used [0x00000000d5f80000,0x00000000d7892ca0,0x00000000d7f00000)
  from space 29696K, 19% used [0x00000000d9c80000,0x00000000da23f3a0,0x00000000db980000)
  to   space 30208K, 0% used [0x00000000d7f00000,0x00000000d7f00000,0x00000000d9c80000)
 ParOldGen       total 87552K, used 54884K [0x0000000081e00000, 0x0000000087380000, 0x00000000d5f80000)
  object space 87552K, 62% used [0x0000000081e00000,0x0000000085399288,0x0000000087380000)
 Metaspace       used 12872K, capacity 13092K, committed 13312K, reserved 1060864K
  class space    used 1658K, capacity 1738K, committed 1792K, reserved 1048576K
GC Heap History (10 events):
Event: 6.107 GC heap before
{Heap before GC invocations=2 (full 0):
 PSYoungGen      total 38400K, used 38374K [0x00000000d5f80000, 0x00000000d8a00000, 0x0000000100000000)
  eden space 33280K, 100% used [0x00000000d5f80000,0x00000000d8000000,0x00000000d8000000)
  from space 5120K, 99% used [0x00000000d8000000,0x00000000d84f99e0,0x00000000d8500000)
  to   space 5120K, 0% used [0x00000000d8500000,0x00000000d8500000,0x00000000d8a00000)
 ParOldGen       total 87552K, used 23108K [0x0000000081e00000, 0x0000000087380000, 0x00000000d5f80000)
  object space 87552K, 26% used [0x0000000081e00000,0x0000000083491340,0x0000000087380000)
 Metaspace       used 12527K, capacity 12772K, committed 13056K, reserved 1060864K
  class space    used 1646K, capacity 1738K, committed 1792K, reserved 1048576K
Event: 6.111 GC heap after
Heap after GC invocations=2 (full 0):
 PSYoungGen      total 38400K, used 5101K [0x00000000d5f80000, 0x00000000d8a00000, 0x0000000100000000)
  eden space 33280K, 0% used [0x00000000d5f80000,0x00000000d5f80000,0x00000000d8000000)
  from space 5120K, 99% used [0x00000000d8500000,0x00000000d89fb780,0x00000000d8a00000)
  to   space 5120K, 0% used [0x00000000d8000000,0x00000000d8000000,0x00000000d8500000)
 ParOldGen       total 87552K, used 31700K [0x0000000081e00000, 0x0000000087380000, 0x00000000d5f80000)
  object space 87552K, 36% used [0x0000000081e00000,0x0000000083cf53a0,0x0000000087380000)
 Metaspace       used 12527K, capacity 12772K, committed 13056K, reserved 1060864K
  class space    used 1646K, capacity 1738K, committed 1792K, reserved 1048576K
}
Event: 6.726 GC heap before
{Heap before GC invocations=3 (full 0):
 PSYoungGen      total 38400K, used 38291K [0x00000000d5f80000, 0x00000000d8a00000, 0x0000000100000000)
  eden space 33280K, 99% used [0x00000000d5f80000,0x00000000d7fe96b8,0x00000000d8000000)
  from space 5120K, 99% used [0x00000000d8500000,0x00000000d89fb780,0x00000000d8a00000)
  to   space 5120K, 0% used [0x00000000d8000000,0x00000000d8000000,0x00000000d8500000)
 ParOldGen       total 87552K, used 31700K [0x0000000081e00000, 0x0000000087380000, 0x00000000d5f80000)
  object space 87552K, 36% used [0x0000000081e00000,0x0000000083cf53a0,0x0000000087380000)
 Metaspace       used 12594K, capacity 12836K, committed 13056K, reserved 1060864K
  class space    used 1650K, capacity 1738K, committed 1792K, reserved 1048576K
Event: 6.730 GC heap after
Heap after GC invocations=3 (full 0):
 PSYoungGen      total 38400K, used 5097K [0x00000000d5f80000, 0x00000000d8a00000, 0x0000000100000000)
  eden space 33280K, 0% used [0x00000000d5f80000,0x00000000d5f80000,0x00000000d8000000)
  from space 5120K, 99% used [0x00000000d8000000,0x00000000d84fa4c0,0x00000000d8500000)
  to   space 5120K, 0% used [0x00000000d8500000,0x00000000d8500000,0x00000000d8a00000)
 ParOldGen       total 87552K, used 42240K [0x0000000081e00000, 0x0000000087380000, 0x00000000d5f80000)
  object space 87552K, 48% used [0x0000000081e00000,0x0000000084740060,0x0000000087380000)
 Metaspace       used 12594K, capacity 12836K, committed 13056K, reserved 1060864K
  class space    used 1650K, capacity 1738K, committed 1792K, reserved 1048576K
}
Event: 7.275 GC heap before
{Heap before GC invocations=4 (full 0):
 PSYoungGen      total 38400K, used 38026K [0x00000000d5f80000, 0x00000000d8a00000, 0x0000000100000000)
  eden space 33280K, 98% used [0x00000000d5f80000,0x00000000d7fa86b0,0x00000000d8000000)
  from space 5120K, 99% used [0x00000000d8000000,0x00000000d84fa4c0,0x00000000d8500000)
  to   space 5120K, 0% used [0x00000000d8500000,0x00000000d8500000,0x00000000d8a00000)
 ParOldGen       total 87552K, used 42240K [0x0000000081e00000, 0x0000000087380000, 0x00000000d5f80000)
  object space 87552K, 48% used [0x0000000081e00000,0x0000000084740060,0x0000000087380000)
 Metaspace       used 12625K, capacity 12836K, committed 13056K, reserved 1060864K
  class space    used 1650K, capacity 1738K, committed 1792K, reserved 1048576K
Event: 7.279 GC heap after
Heap after GC invocations=4 (full 0):
 PSYoungGen      total 38400K, used 5097K [0x00000000d5f80000, 0x00000000d8a00000, 0x0000000100000000)
  eden space 33280K, 0% used [0x00000000d5f80000,0x00000000d5f80000,0x00000000d8000000)
  from space 5120K, 99% used [0x00000000d8500000,0x00000000d89fa4c0,0x00000000d8a00000)
  to   space 5120K, 0% used [0x00000000d8000000,0x00000000d8000000,0x00000000d8500000)
 ParOldGen       total 87552K, used 53694K [0x0000000081e00000, 0x0000000087380000, 0x00000000d5f80000)
  object space 87552K, 61% used [0x0000000081e00000,0x000000008526f870,0x0000000087380000)
 Metaspace       used 12625K, capacity 12836K, committed 13056K, reserved 1060864K
  class space    used 1650K, capacity 1738K, committed 1792K, reserved 1048576K
}
Event: 8.020 GC heap before
{Heap before GC invocations=5 (full 0):
 PSYoungGen      total 38400K, used 37951K [0x00000000d5f80000, 0x00000000d8a00000, 0x0000000100000000)
  eden space 33280K, 98% used [0x00000000d5f80000,0x00000000d7f958a8,0x00000000d8000000)
  from space 5120K, 99% used [0x00000000d8500000,0x00000000d89fa4c0,0x00000000d8a00000)
  to   space 5120K, 0% used [0x00000000d8000000,0x00000000d8000000,0x00000000d8500000)
 ParOldGen       total 87552K, used 53694K [0x0000000081e00000, 0x0000000087380000, 0x00000000d5f80000)
  object space 87552K, 61% used [0x0000000081e00000,0x000000008526f870,0x0000000087380000)
 Metaspace       used 12755K, capacity 12964K, committed 13056K, reserved 1060864K
  class space    used 1657K, capacity 1738K, committed 1792K, reserved 1048576K
Event: 8.022 GC heap after
Heap after GC invocations=5 (full 0):
 PSYoungGen      total 37888K, used 5097K [0x00000000d5f80000, 0x00000000db980000, 0x0000000100000000)
  eden space 32768K, 0% used [0x00000000d5f80000,0x00000000d5f80000,0x00000000d7f80000)
  from space 5120K, 99% used [0x00000000d8000000,0x00000000d84fa4c0,0x00000000d8500000)
  to   space 29696K, 0% used [0x00000000d9c80000,0x00000000d9c80000,0x00000000db980000)
 ParOldGen       total 87552K, used 54876K [0x0000000081e00000, 0x0000000087380000, 0x00000000d5f80000)
  object space 87552K, 62% used [0x0000000081e00000,0x0000000085397288,0x0000000087380000)
 Metaspace       used 12755K, capacity 12964K, committed 13056K, reserved 1060864K
  class space    used 1657K, capacity 1738K, committed 1792K, reserved 1048576K
}
Event: 8.812 GC heap before
{Heap before GC invocations=6 (full 0):
 PSYoungGen      total 37888K, used 37865K [0x00000000d5f80000, 0x00000000db980000, 0x0000000100000000)
  eden space 32768K, 100% used [0x00000000d5f80000,0x00000000d7f80000,0x00000000d7f80000)
  from space 5120K, 99% used [0x00000000d8000000,0x00000000d84fa4c0,0x00000000d8500000)
  to   space 29696K, 0% used [0x00000000d9c80000,0x00000000d9c80000,0x00000000db980000)
 ParOldGen       total 87552K, used 54876K [0x0000000081e00000, 0x0000000087380000, 0x00000000d5f80000)
  object space 87552K, 62% used [0x0000000081e00000,0x0000000085397288,0x0000000087380000)
 Metaspace       used 12829K, capacity 13092K, committed 13312K, reserved 1060864K
  class space    used 1658K, capacity 1738K, committed 1792K, reserved 1048576K
Event: 8.815 GC heap after
Heap after GC invocations=6 (full 0):
 PSYoungGen      total 61952K, used 5884K [0x00000000d5f80000, 0x00000000dba00000, 0x0000000100000000)
  eden space 32256K, 0% used [0x00000000d5f80000,0x00000000d5f80000,0x00000000d7f00000)
  from space 29696K, 19% used [0x00000000d9c80000,0x00000000da23f3a0,0x00000000db980000)
  to   space 30208K, 0% used [0x00000000d7f00000,0x00000000d7f00000,0x00000000d9c80000)
 ParOldGen       total 87552K, used 54884K [0x0000000081e00000, 0x0000000087380000, 0x00000000d5f80000)
  object space 87552K, 62% used [0x0000000081e00000,0x0000000085399288,0x0000000087380000)
 Metaspace       used 12829K, capacity 13092K, committed 13312K, reserved 1060864K
  class space    used 1658K, capacity 1738K, committed 1792K, reserved 1048576K
}

